Using pre-set license
Built from '2022.3/staging' branch; Version is '2022.3.2f1 (d74737c6db50) revision 14108471'; Using compiler version '192829333'; Build Type 'Release'
OS: 'Windows 10  (10.0.19045) 64bit Professional' Language: 'en' Physical Memory: 32675 MB
BatchMode: 1, IsHumanControllingUs: 0, StartBugReporterOnCrash: 0, Is64bit: 1, IsPro: 1

COMMAND LINE ARGUMENTS:
C:\Program Files\Unity\Hub\Editor\2022.3.2f1\Editor\Unity.exe
-adb2
-batchMode
-noUpm
-name
AssetImportWorker9
-projectPath
F:/OTHER FILES/learning & tries/General Unity Projects/VR Practices/ArchiMech_LBXR/ArchiMech_VR
-logFile
Logs/AssetImportWorker9.log
-srvPort
65526
Successfully changed project path to: F:/OTHER FILES/learning & tries/General Unity Projects/VR Practices/ArchiMech_LBXR/ArchiMech_VR
F:/OTHER FILES/learning & tries/General Unity Projects/VR Practices/ArchiMech_LBXR/ArchiMech_VR
[UnityMemory] Configuration Parameters - Can be set up in boot.config
    "memorysetup-bucket-allocator-granularity=16"
    "memorysetup-bucket-allocator-bucket-count=8"
    "memorysetup-bucket-allocator-block-size=33554432"
    "memorysetup-bucket-allocator-block-count=8"
    "memorysetup-main-allocator-block-size=16777216"
    "memorysetup-thread-allocator-block-size=16777216"
    "memorysetup-gfx-main-allocator-block-size=16777216"
    "memorysetup-gfx-thread-allocator-block-size=16777216"
    "memorysetup-cache-allocator-block-size=4194304"
    "memorysetup-typetree-allocator-block-size=2097152"
    "memorysetup-profiler-bucket-allocator-granularity=16"
    "memorysetup-profiler-bucket-allocator-bucket-count=8"
    "memorysetup-profiler-bucket-allocator-block-size=33554432"
    "memorysetup-profiler-bucket-allocator-block-count=8"
    "memorysetup-profiler-allocator-block-size=16777216"
    "memorysetup-profiler-editor-allocator-block-size=1048576"
    "memorysetup-temp-allocator-size-main=16777216"
    "memorysetup-job-temp-allocator-block-size=2097152"
    "memorysetup-job-temp-allocator-block-size-background=1048576"
    "memorysetup-job-temp-allocator-reduction-small-platforms=262144"
    "memorysetup-allocator-temp-initial-block-size-main=262144"
    "memorysetup-allocator-temp-initial-block-size-worker=262144"
    "memorysetup-temp-allocator-size-background-worker=32768"
    "memorysetup-temp-allocator-size-job-worker=262144"
    "memorysetup-temp-allocator-size-preload-manager=33554432"
    "memorysetup-temp-allocator-size-nav-mesh-worker=65536"
    "memorysetup-temp-allocator-size-audio-worker=65536"
    "memorysetup-temp-allocator-size-cloud-worker=32768"
    "memorysetup-temp-allocator-size-gi-baking-worker=262144"
    "memorysetup-temp-allocator-size-gfx=262144"
Player connection [34296] Host "[IP] 192.168.0.112 [Port] 0 [Flags] 2 [Guid] 2693711670 [EditorId] 2693711670 [Version] 1048832 [Id] WindowsEditor(7,PC) [Debug] 1 [PackageName] WindowsEditor [ProjectName] Editor" joined multi-casting on [225.0.0.222:54997]...

Player connection [34296] Host "[IP] 192.168.0.112 [Port] 0 [Flags] 2 [Guid] 2693711670 [EditorId] 2693711670 [Version] 1048832 [Id] WindowsEditor(7,PC) [Debug] 1 [PackageName] WindowsEditor [ProjectName] Editor" joined alternative multi-casting on [225.0.0.222:34997]...

Refreshing native plugins compatible for Editor in 31.10 ms, found 6 plugins.
Preloading 1 native plugins for Editor in 0.57 ms.
Initialize engine version: 2022.3.2f1 (d74737c6db50)
[Subsystems] Discovering subsystems at path C:/Program Files/Unity/Hub/Editor/2022.3.2f1/Editor/Data/Resources/UnitySubsystems
[Subsystems] Discovering subsystems at path F:/OTHER FILES/learning & tries/General Unity Projects/VR Practices/ArchiMech_LBXR/ArchiMech_VR/Assets
GfxDevice: creating device client; threaded=0; jobified=0
Direct3D:
    Version:  Direct3D 11.0 [level 11.1]
    Renderer: NVIDIA GeForce RTX 3070 (ID=0x2484)
    Vendor:   NVIDIA
    VRAM:     8032 MB
    Driver:   31.0.15.3623
Initialize mono
Mono path[0] = 'C:/Program Files/Unity/Hub/Editor/2022.3.2f1/Editor/Data/Managed'
Mono path[1] = 'C:/Program Files/Unity/Hub/Editor/2022.3.2f1/Editor/Data/MonoBleedingEdge/lib/mono/unityjit-win32'
Mono config path = 'C:/Program Files/Unity/Hub/Editor/2022.3.2f1/Editor/Data/MonoBleedingEdge/etc'
Using monoOptions --debugger-agent=transport=dt_socket,embedding=1,server=y,suspend=n,address=127.0.0.1:56292
Begin MonoManager ReloadAssembly
Registering precompiled unity dll's ...
Register platform support module: C:/Program Files/Unity/Hub/Editor/2022.3.2f1/Editor/Data/PlaybackEngines/WindowsStandaloneSupport/UnityEditor.WindowsStandalone.Extensions.dll
Register platform support module: C:/Program Files/Unity/Hub/Editor/2022.3.2f1/Editor/Data/PlaybackEngines/MetroSupport/UnityEditor.UWP.Extensions.dll
Registered in 0.018839 seconds.
- Loaded All Assemblies, in  0.471 seconds
Native extension for UWP target not found
Native extension for WindowsStandalone target not found
Mono: successfully reloaded assembly
- Finished resetting the current domain, in  0.323 seconds
Domain Reload Profiling: 790ms
	BeginReloadAssembly (133ms)
		ExecutionOrderSort (0ms)
		DisableScriptedObjects (0ms)
		BackupInstance (0ms)
		ReleaseScriptingObjects (0ms)
		CreateAndSetChildDomain (1ms)
	RebuildCommonClasses (43ms)
	RebuildNativeTypeToScriptingClass (13ms)
	initialDomainReloadingComplete (90ms)
	LoadAllAssembliesAndSetupDomain (188ms)
		LoadAssemblies (128ms)
		RebuildTransferFunctionScriptingTraits (0ms)
		AnalyzeDomain (176ms)
			TypeCache.Refresh (174ms)
				TypeCache.ScanAssembly (162ms)
			ScanForSourceGeneratedMonoScriptInfo (1ms)
			ResolveRequiredComponents (0ms)
	FinalizeReload (324ms)
		ReleaseScriptCaches (0ms)
		RebuildScriptCaches (0ms)
		SetupLoadedEditorAssemblies (250ms)
			LogAssemblyErrors (0ms)
			InitializePlatformSupportModulesInManaged (16ms)
			SetLoadedEditorAssemblies (6ms)
			RefreshPlugins (0ms)
			BeforeProcessingInitializeOnLoad (2ms)
			ProcessInitializeOnLoadAttributes (172ms)
			ProcessInitializeOnLoadMethodAttributes (54ms)
			AfterProcessingInitializeOnLoad (0ms)
			EditorAssembliesLoaded (0ms)
		ExecutionOrderSort2 (0ms)
		AwakeInstancesAfterBackupRestoration (0ms)
========================================================================
Worker process is ready to serve import requests
Begin MonoManager ReloadAssembly
Symbol file LoadedFromMemory doesn't match image F:\OTHER FILES\learning & tries\General Unity Projects\VR Practices\ArchiMech_LBXR\ArchiMech_VR\Library\PackageCache\com.unity.visualscripting@1.8.0\Editor\VisualScripting.Core\Dependencies\YamlDotNet\Unity.VisualScripting.YamlDotNet.dll
Symbol file LoadedFromMemory doesn't match image F:\OTHER FILES\learning & tries\General Unity Projects\VR Practices\ArchiMech_LBXR\ArchiMech_VR\Library\PackageCache\com.unity.visualscripting@1.8.0\Editor\VisualScripting.Core\Dependencies\DotNetZip\Unity.VisualScripting.IonicZip.dll
- Loaded All Assemblies, in  1.047 seconds
Refreshing native plugins compatible for Editor in 5.15 ms, found 6 plugins.
Native extension for UWP target not found
Native extension for WindowsStandalone target not found
Package Manager log level set to [2]
[Package Manager] Server::EnsureServerProcessIsRunning -- launch failed, reason: Unity was launched with the -noUpm command-line argument
[Package Manager] UpmClient::Send -- Unable to send message (not connected to UPM process).
[Package Manager] Cannot connect to Unity Package Manager local server
System.Reflection.TargetInvocationException: Exception has been thrown by the target of an invocation. ---> System.NullReferenceException: Object reference not set to an instance of an object
  at Unity.XR.Oculus.OculusLoader.AssetPathToAbsolutePath (System.String assetPath) [0x0003d] in .\Library\PackageCache\com.unity.xr.oculus@4.0.0\Runtime\OculusLoader.cs:282 
  at Unity.XR.Oculus.OculusLoader.EditorLoadOVRPlugin () [0x0007b] in .\Library\PackageCache\com.unity.xr.oculus@4.0.0\Runtime\OculusLoader.cs:267 
  at (wrapper managed-to-native) System.Reflection.RuntimeMethodInfo.InternalInvoke(System.Reflection.RuntimeMethodInfo,object,object[],System.Exception&)
  at System.Reflection.RuntimeMethodInfo.Invoke (System.Object obj, System.Reflection.BindingFlags invokeAttr, System.Reflection.Binder binder, System.Object[] parameters, System.Globalization.CultureInfo culture) [0x0006a] in <605bf8b31fcb444b85176da963870aa7>:0 
   --- End of inner exception stack trace ---
  at System.Reflection.RuntimeMethodInfo.Invoke (System.Object obj, System.Reflection.BindingFlags invokeAttr, System.Reflection.Binder binder, System.Object[] parameters, System.Globalization.CultureInfo culture) [0x00083] in <605bf8b31fcb444b85176da963870aa7>:0 
  at System.Reflection.MethodBase.Invoke (System.Object obj, System.Object[] parameters) [0x00000] in <605bf8b31fcb444b85176da963870aa7>:0 
  at UnityEditor.EditorAssemblies.ProcessInitializeOnLoadMethodAttributes () [0x000a5] in <ac87b54e58ee4be198261fd5c8030d52>:0 
UnityEngine.StackTraceUtility:ExtractStackTrace ()
UnityEngine.DebugLogHandler:LogFormat (UnityEngine.LogType,UnityEngine.Object,string,object[])
UnityEngine.Logger:Log (UnityEngine.LogType,object)
UnityEngine.Debug:LogError (object)
UnityEditor.EditorAssemblies:ProcessInitializeOnLoadMethodAttributes ()

Mono: successfully reloaded assembly
[Package Manager] Server::EnsureServerProcessIsRunning -- launch failed, reason: Unity was launched with the -noUpm command-line argument
[Package Manager] UpmClient::Send -- Unable to send message (not connected to UPM process).
[Package Manager] Cannot connect to Unity Package Manager local server
[Package Manager] Server::EnsureServerProcessIsRunning -- launch failed, reason: Unity was launched with the -noUpm command-line argument
[Package Manager] UpmClient::Send -- Unable to send message (not connected to UPM process).
[Package Manager] Cannot connect to Unity Package Manager local server
- Finished resetting the current domain, in  0.908 seconds
Domain Reload Profiling: 1954ms
	BeginReloadAssembly (164ms)
		ExecutionOrderSort (0ms)
		DisableScriptedObjects (5ms)
		BackupInstance (0ms)
		ReleaseScriptingObjects (0ms)
		CreateAndSetChildDomain (31ms)
	RebuildCommonClasses (35ms)
	RebuildNativeTypeToScriptingClass (10ms)
	initialDomainReloadingComplete (47ms)
	LoadAllAssembliesAndSetupDomain (790ms)
		LoadAssemblies (397ms)
		RebuildTransferFunctionScriptingTraits (0ms)
		AnalyzeDomain (466ms)
			TypeCache.Refresh (416ms)
				TypeCache.ScanAssembly (396ms)
			ScanForSourceGeneratedMonoScriptInfo (36ms)
			ResolveRequiredComponents (14ms)
	FinalizeReload (909ms)
		ReleaseScriptCaches (0ms)
		RebuildScriptCaches (0ms)
		SetupLoadedEditorAssemblies (636ms)
			LogAssemblyErrors (0ms)
			InitializePlatformSupportModulesInManaged (10ms)
			SetLoadedEditorAssemblies (6ms)
			RefreshPlugins (0ms)
			BeforeProcessingInitializeOnLoad (119ms)
			ProcessInitializeOnLoadAttributes (387ms)
			ProcessInitializeOnLoadMethodAttributes (91ms)
			AfterProcessingInitializeOnLoad (24ms)
			EditorAssembliesLoaded (1ms)
		ExecutionOrderSort2 (0ms)
		AwakeInstancesAfterBackupRestoration (11ms)
Launched and connected shader compiler UnityShaderCompiler.exe after 0.11 seconds
Refreshing native plugins compatible for Editor in 5.52 ms, found 6 plugins.
Preloading 1 native plugins for Editor in 0.07 ms.
Unloading 6549 Unused Serialized files (Serialized files now loaded: 0)
Unloading 79 unused Assets / (1.1 MB). Loaded Objects now: 7008.
Memory consumption went from 239.5 MB to 238.4 MB.
Total: 6.960400 ms (FindLiveObjects: 0.988900 ms CreateObjectMapping: 0.543500 ms MarkObjects: 4.916800 ms  DeleteObjects: 0.510200 ms)

AssetImportParameters requested are different than current active one (requested -> active):
  custom:container-demuxer-ogg: 62fdf1f143b41e24485cea50d1cbac27 -> 
  custom:framework-win-MediaFoundation: 216162199b28c13a410421893ffa2e32 -> 
  custom:container-muxer-webm: aa71ff27fc2769a1b78a27578f13a17b -> 
  custom:video-decoder-webm-vp8: 9c59270c3fd7afecdb556c50c9e8de78 -> 
  custom:AudioImporter_EditorPlatform: d09bf68614088b80899f8185d706f6e7 -> 
  custom:audio-decoder-ogg-vorbis: bf7c407c2cedff20999df2af8eb42d56 -> 
  custom:audio-encoder-webm-vorbis: bf7c407c2cedff20999df2af8eb42d56 -> 
  custom:video-decoder-ogg-theora: a1e56fd34408186e4bbccfd4996cb3dc -> 
  custom:container-demuxer-webm: 4f35f7cbe854078d1ac9338744f61a02 -> 
  custom:video-encoder-webm-vp8: eb34c28f22e8b96e1ab97ce403110664 -> 
========================================================================
Received Import Request.
  Time since last request: 67896.205926 seconds.
  path: Assets/JP_School classroom_V2/Textures/book02_1_MTL.tga
  artifactKey: Guid(751581d66b862ee48a00f057a5198030) Importer(2089858483,0ecaa5967403d082aa24f35e1b516d23)
Start importing Assets/JP_School classroom_V2/Textures/book02_1_MTL.tga using Guid(751581d66b862ee48a00f057a5198030) Importer(2089858483,0ecaa5967403d082aa24f35e1b516d23) Generated GUIDs only implemented for interfaces!
 -> (artifact id: 'e662e112fe1485c2221f31866f634b84') in 0.263854 seconds
Number of updated asset objects reloaded before import = 0
Number of asset objects unloaded after import = 1
========================================================================
Received Import Request.
  Time since last request: 0.000027 seconds.
  path: Assets/JP_School classroom_V2
  artifactKey: Guid(f3b17efd964ba764db569131469cbd1b) Importer(2089858483,0ecaa5967403d082aa24f35e1b516d23)
Start importing Assets/JP_School classroom_V2 using Guid(f3b17efd964ba764db569131469cbd1b) Importer(2089858483,0ecaa5967403d082aa24f35e1b516d23) Generated GUIDs only implemented for interfaces!
 -> (artifact id: 'bec683336797006177cab182033b034d') in 0.011410 seconds
Number of updated asset objects reloaded before import = 0
Number of asset objects unloaded after import = 1
========================================================================
Received Import Request.
  Time since last request: 0.000020 seconds.
  path: Assets/JP_School classroom_V2/Textures/desk02_MTL.tga
  artifactKey: Guid(e2fbc09c33df49b4a84ead0a9cb753d9) Importer(2089858483,0ecaa5967403d082aa24f35e1b516d23)
Start importing Assets/JP_School classroom_V2/Textures/desk02_MTL.tga using Guid(e2fbc09c33df49b4a84ead0a9cb753d9) Importer(2089858483,0ecaa5967403d082aa24f35e1b516d23) Generated GUIDs only implemented for interfaces!
 -> (artifact id: 'b28dc0b9485e716759c78adad9c74fd3') in 0.026996 seconds
Number of updated asset objects reloaded before import = 0
Number of asset objects unloaded after import = 1
========================================================================
Received Import Request.
  Time since last request: 0.000019 seconds.
  path: Assets/JP_School classroom_V2/Textures/shelf01_1.png
  artifactKey: Guid(ee527dc955f459345b026ebb17708707) Importer(2089858483,0ecaa5967403d082aa24f35e1b516d23)
Start importing Assets/JP_School classroom_V2/Textures/shelf01_1.png using Guid(ee527dc955f459345b026ebb17708707) Importer(2089858483,0ecaa5967403d082aa24f35e1b516d23) Generated GUIDs only implemented for interfaces!
 -> (artifact id: '96972eadee023a1a8bf52e6935f7d192') in 0.018079 seconds
Number of updated asset objects reloaded before import = 0
Number of asset objects unloaded after import = 1
========================================================================
Received Import Request.
  Time since last request: 0.000015 seconds.
  path: Assets/JP_School classroom_V2/Meshes/curtain01_winframe.fbx
  artifactKey: Guid(eb7555099d277fa4f9c3253e276f93e0) Importer(2089858483,0ecaa5967403d082aa24f35e1b516d23)
Start importing Assets/JP_School classroom_V2/Meshes/curtain01_winframe.fbx using Guid(eb7555099d277fa4f9c3253e276f93e0) Importer(2089858483,0ecaa5967403d082aa24f35e1b516d23) Generated GUIDs only implemented for interfaces!
 -> (artifact id: 'be71f71f16698d748c2f5b74aed956c7') in 0.030323 seconds
Number of updated asset objects reloaded before import = 0
Number of asset objects unloaded after import = 7
========================================================================
Received Import Request.
  Time since last request: 0.000015 seconds.
  path: Assets/JP_School classroom_V2/Meshes/screen01_hook.fbx
  artifactKey: Guid(e44613f9441edee458eb3591b5c10ab9) Importer(2089858483,0ecaa5967403d082aa24f35e1b516d23)
Start importing Assets/JP_School classroom_V2/Meshes/screen01_hook.fbx using Guid(e44613f9441edee458eb3591b5c10ab9) Importer(2089858483,0ecaa5967403d082aa24f35e1b516d23) Generated GUIDs only implemented for interfaces!
 -> (artifact id: 'fe781f6776d39017d1b881956a0d2501') in 0.017338 seconds
Number of updated asset objects reloaded before import = 0
Number of asset objects unloaded after import = 7
========================================================================
Received Import Request.
  Time since last request: 0.000014 seconds.
  path: Assets/JP_School classroom_V2/Textures/locker01_1.png
  artifactKey: Guid(4bade6d4ec3315f4ba7b8e870d08fa32) Importer(2089858483,0ecaa5967403d082aa24f35e1b516d23)
Start importing Assets/JP_School classroom_V2/Textures/locker01_1.png using Guid(4bade6d4ec3315f4ba7b8e870d08fa32) Importer(2089858483,0ecaa5967403d082aa24f35e1b516d23) Generated GUIDs only implemented for interfaces!
 -> (artifact id: 'c26864783688b8cf911640a54085289b') in 0.014463 seconds
Number of updated asset objects reloaded before import = 0
Number of asset objects unloaded after import = 1
========================================================================
Received Import Request.
  Time since last request: 0.000015 seconds.
  path: Assets/JP_School classroom_V2/Textures/platform01_MTL.tga
  artifactKey: Guid(f6246f453facda94bb949bbfa8413308) Importer(2089858483,0ecaa5967403d082aa24f35e1b516d23)
Start importing Assets/JP_School classroom_V2/Textures/platform01_MTL.tga using Guid(f6246f453facda94bb949bbfa8413308) Importer(2089858483,0ecaa5967403d082aa24f35e1b516d23) Generated GUIDs only implemented for interfaces!
 -> (artifact id: '672cf0e48ede493f99ea2d5fc5be2501') in 0.015735 seconds
Number of updated asset objects reloaded before import = 0
Number of asset objects unloaded after import = 1
========================================================================
Received Import Request.
  Time since last request: 0.000012 seconds.
  path: Assets/JP_School classroom_V2/Meshes/Materials/speaker01_1.mat
  artifactKey: Guid(ae43a917c2efacd4096b33fabba15c6f) Importer(2089858483,0ecaa5967403d082aa24f35e1b516d23)
Start importing Assets/JP_School classroom_V2/Meshes/Materials/speaker01_1.mat using Guid(ae43a917c2efacd4096b33fabba15c6f) Importer(2089858483,0ecaa5967403d082aa24f35e1b516d23) Generated GUIDs only implemented for interfaces!
 -> (artifact id: '52ed04ea33141b56613ef89c4f7d7e1e') in 0.022569 seconds
Number of updated asset objects reloaded before import = 0
Number of asset objects unloaded after import = 4
========================================================================
Received Import Request.
  Time since last request: 0.000019 seconds.
  path: Assets/XRI/Settings/Resources/XRDeviceSimulatorSettings.asset
  artifactKey: Guid(6843f60f6b3f3004098c507954224fbc) Importer(2089858483,0ecaa5967403d082aa24f35e1b516d23)
Start importing Assets/XRI/Settings/Resources/XRDeviceSimulatorSettings.asset using Guid(6843f60f6b3f3004098c507954224fbc) Importer(2089858483,0ecaa5967403d082aa24f35e1b516d23) Generated GUIDs only implemented for interfaces!
 -> (artifact id: '32057bf28674ee370a846131c6cf058b') in 0.017250 seconds
Number of updated asset objects reloaded before import = 0
Number of asset objects unloaded after import = 1
========================================================================
Received Import Request.
  Time since last request: 0.060906 seconds.
  path: Assets/JP_School classroom_V2/Textures/switch01_NRM.png
  artifactKey: Guid(3ae0ceb877af8b64896a414f55239ee7) Importer(2089858483,0ecaa5967403d082aa24f35e1b516d23)
Start importing Assets/JP_School classroom_V2/Textures/switch01_NRM.png using Guid(3ae0ceb877af8b64896a414f55239ee7) Importer(2089858483,0ecaa5967403d082aa24f35e1b516d23) Generated GUIDs only implemented for interfaces!
 -> (artifact id: '7d527f130cc0b1be1122103b636058da') in 0.016685 seconds
Number of updated asset objects reloaded before import = 0
Number of asset objects unloaded after import = 1
========================================================================
Received Import Request.
  Time since last request: 0.000014 seconds.
  path: Assets/JP_School classroom_V2/Textures/classroom_floor01_NRM.png
  artifactKey: Guid(815016cb3be3dda46ad3584200dc0169) Importer(2089858483,0ecaa5967403d082aa24f35e1b516d23)
Start importing Assets/JP_School classroom_V2/Textures/classroom_floor01_NRM.png using Guid(815016cb3be3dda46ad3584200dc0169) Importer(2089858483,0ecaa5967403d082aa24f35e1b516d23) Generated GUIDs only implemented for interfaces!
 -> (artifact id: '6a4b61439da0f060f12be7e7e9d87bd9') in 0.014889 seconds
Number of updated asset objects reloaded before import = 0
Number of asset objects unloaded after import = 1
========================================================================
Received Import Request.
  Time since last request: 0.000014 seconds.
  path: Assets/JP_School classroom_V2/Meshes/Materials/curtain01_1.mat
  artifactKey: Guid(6c510db689f178047ae6bc7815d11dff) Importer(2089858483,0ecaa5967403d082aa24f35e1b516d23)
Start importing Assets/JP_School classroom_V2/Meshes/Materials/curtain01_1.mat using Guid(6c510db689f178047ae6bc7815d11dff) Importer(2089858483,0ecaa5967403d082aa24f35e1b516d23) Generated GUIDs only implemented for interfaces!
 -> (artifact id: 'f92bcedee1c8ec7bcdbc20c2402c5195') in 0.022947 seconds
Number of updated asset objects reloaded before import = 0
Number of asset objects unloaded after import = 4
========================================================================
Received Import Request.
  Time since last request: 0.000011 seconds.
  path: Assets/JP_School classroom_V2/Textures/dustpan01_MTL.tga
  artifactKey: Guid(fcc6bdc7def1d1f45aa8fa8a15e26025) Importer(2089858483,0ecaa5967403d082aa24f35e1b516d23)
Start importing Assets/JP_School classroom_V2/Textures/dustpan01_MTL.tga using Guid(fcc6bdc7def1d1f45aa8fa8a15e26025) Importer(2089858483,0ecaa5967403d082aa24f35e1b516d23) Generated GUIDs only implemented for interfaces!
 -> (artifact id: 'a4f7690c3fcfebcb8622e92492d7516a') in 0.021111 seconds
Number of updated asset objects reloaded before import = 0
Number of asset objects unloaded after import = 1
========================================================================
Received Import Request.
  Time since last request: 0.000020 seconds.
  path: Assets/JP_School classroom_V2/Prefabs/speaker01_3.prefab
  artifactKey: Guid(ea79488b71819b740a6c65b48328731f) Importer(2089858483,0ecaa5967403d082aa24f35e1b516d23)
Start importing Assets/JP_School classroom_V2/Prefabs/speaker01_3.prefab using Guid(ea79488b71819b740a6c65b48328731f) Importer(2089858483,0ecaa5967403d082aa24f35e1b516d23) Generated GUIDs only implemented for interfaces!
 -> (artifact id: 'c9a89d2305186547d057414e1991047c') in 0.011856 seconds
Number of updated asset objects reloaded before import = 0
Number of asset objects unloaded after import = 12
========================================================================
Received Import Request.
  Time since last request: 0.000013 seconds.
  path: Assets/JP_School classroom_V2/Textures/switch01_1.png
  artifactKey: Guid(634c0c314aeee004c8629ebf06d18f06) Importer(2089858483,0ecaa5967403d082aa24f35e1b516d23)
Start importing Assets/JP_School classroom_V2/Textures/switch01_1.png using Guid(634c0c314aeee004c8629ebf06d18f06) Importer(2089858483,0ecaa5967403d082aa24f35e1b516d23) Generated GUIDs only implemented for interfaces!
 -> (artifact id: 'baf5f76407f4b21cad88d46ae5895d8c') in 0.025164 seconds
Number of updated asset objects reloaded before import = 0
Number of asset objects unloaded after import = 1
========================================================================
Received Import Request.
  Time since last request: 0.000023 seconds.
  path: Assets/JP_School classroom_V2/Meshes/Materials/desk01_1.mat
  artifactKey: Guid(c5974b703fc24364bad0accb17a02f07) Importer(2089858483,0ecaa5967403d082aa24f35e1b516d23)
Start importing Assets/JP_School classroom_V2/Meshes/Materials/desk01_1.mat using Guid(c5974b703fc24364bad0accb17a02f07) Importer(2089858483,0ecaa5967403d082aa24f35e1b516d23) Generated GUIDs only implemented for interfaces!
 -> (artifact id: 'a788a18daed013c48f38fe22c61818c8') in 0.025244 seconds
Number of updated asset objects reloaded before import = 0
Number of asset objects unloaded after import = 5
========================================================================
Received Import Request.
  Time since last request: 0.000024 seconds.
  path: Assets/JP_School classroom_V2/Meshes/book01_b2.fbx
  artifactKey: Guid(028ab56246eb97449ba025c08fef20c3) Importer(2089858483,0ecaa5967403d082aa24f35e1b516d23)
Start importing Assets/JP_School classroom_V2/Meshes/book01_b2.fbx using Guid(028ab56246eb97449ba025c08fef20c3) Importer(2089858483,0ecaa5967403d082aa24f35e1b516d23) Generated GUIDs only implemented for interfaces!
 -> (artifact id: '083c96cb5b9f49bfe947e01ad0b464a2') in 0.018422 seconds
Number of updated asset objects reloaded before import = 0
Number of asset objects unloaded after import = 7
========================================================================
Received Import Request.
  Time since last request: 0.000016 seconds.
  path: Assets/JP_School classroom_V2/Meshes/Materials/chair01_1.mat
  artifactKey: Guid(15766e0000ff8a3439f0d7e7222ca851) Importer(2089858483,0ecaa5967403d082aa24f35e1b516d23)
Start importing Assets/JP_School classroom_V2/Meshes/Materials/chair01_1.mat using Guid(15766e0000ff8a3439f0d7e7222ca851) Importer(2089858483,0ecaa5967403d082aa24f35e1b516d23) Generated GUIDs only implemented for interfaces!
 -> (artifact id: '39c8a8d941238a6cf78e15cf246b8691') in 0.018117 seconds
Number of updated asset objects reloaded before import = 0
Number of asset objects unloaded after import = 4
========================================================================
Received Import Request.
  Time since last request: 0.000014 seconds.
  path: Assets/JP_School classroom_V2/Meshes/dustpan01_hook.fbx
  artifactKey: Guid(23c07adae300af049822175b8434e74a) Importer(2089858483,0ecaa5967403d082aa24f35e1b516d23)
Start importing Assets/JP_School classroom_V2/Meshes/dustpan01_hook.fbx using Guid(23c07adae300af049822175b8434e74a) Importer(2089858483,0ecaa5967403d082aa24f35e1b516d23) Generated GUIDs only implemented for interfaces!
 -> (artifact id: 'a04c70b13f7a20bbe91b318723a5198e') in 0.016846 seconds
Number of updated asset objects reloaded before import = 0
Number of asset objects unloaded after import = 7
========================================================================
Received Import Request.
  Time since last request: 0.000015 seconds.
  path: Assets/JP_School classroom_V2/Meshes/attendancebook01_2.fbx
  artifactKey: Guid(4103e68f38d01a94a9a13cf436adaae9) Importer(2089858483,0ecaa5967403d082aa24f35e1b516d23)
Start importing Assets/JP_School classroom_V2/Meshes/attendancebook01_2.fbx using Guid(4103e68f38d01a94a9a13cf436adaae9) Importer(2089858483,0ecaa5967403d082aa24f35e1b516d23) Generated GUIDs only implemented for interfaces!
 -> (artifact id: 'a6d3573aed60de3c930377a7250ccc07') in 0.018388 seconds
Number of updated asset objects reloaded before import = 0
Number of asset objects unloaded after import = 7
========================================================================
Received Import Request.
  Time since last request: 0.000017 seconds.
  path: Assets/JP_School classroom_V2/Scenes/School_Classroom/Lightmap-0_comp_light.exr
  artifactKey: Guid(0355268aa0548594487736a4d28891e0) Importer(2089858483,0ecaa5967403d082aa24f35e1b516d23)
Start importing Assets/JP_School classroom_V2/Scenes/School_Classroom/Lightmap-0_comp_light.exr using Guid(0355268aa0548594487736a4d28891e0) Importer(2089858483,0ecaa5967403d082aa24f35e1b516d23) Generated GUIDs only implemented for interfaces!
 -> (artifact id: '247bb6d7d4b6720ee346a78c20f772e2') in 0.061834 seconds
Number of updated asset objects reloaded before import = 0
Number of asset objects unloaded after import = 1
========================================================================
Received Import Request.
  Time since last request: 0.000015 seconds.
  path: Assets/JP_School classroom_V2/Meshes/door01_B.fbx
  artifactKey: Guid(c361613f382985e498a1900626bb329b) Importer(2089858483,0ecaa5967403d082aa24f35e1b516d23)
Start importing Assets/JP_School classroom_V2/Meshes/door01_B.fbx using Guid(c361613f382985e498a1900626bb329b) Importer(2089858483,0ecaa5967403d082aa24f35e1b516d23) Generated GUIDs only implemented for interfaces!
 -> (artifact id: 'e3a3dfe602a1c6d6cc18a0b66dc3ecbd') in 0.023137 seconds
Number of updated asset objects reloaded before import = 0
Number of asset objects unloaded after import = 49
========================================================================
Received Import Request.
  Time since last request: 0.000015 seconds.
  path: Assets/JP_School classroom_V2/Meshes/Materials/poster01_1.mat
  artifactKey: Guid(b821489ed3eff2f47a7145d2955ac5f7) Importer(2089858483,0ecaa5967403d082aa24f35e1b516d23)
Start importing Assets/JP_School classroom_V2/Meshes/Materials/poster01_1.mat using Guid(b821489ed3eff2f47a7145d2955ac5f7) Importer(2089858483,0ecaa5967403d082aa24f35e1b516d23) Generated GUIDs only implemented for interfaces!
 -> (artifact id: '4bfcd7825d2b1c57cd5e5377078e7a57') in 0.009638 seconds
Number of updated asset objects reloaded before import = 0
Number of asset objects unloaded after import = 2
========================================================================
Received Import Request.
  Time since last request: 0.000018 seconds.
  path: Assets/JP_School classroom_V2/Textures/desk01_AO.png
  artifactKey: Guid(ee2c0d9d87e21984c9df24502d138e62) Importer(2089858483,0ecaa5967403d082aa24f35e1b516d23)
Start importing Assets/JP_School classroom_V2/Textures/desk01_AO.png using Guid(ee2c0d9d87e21984c9df24502d138e62) Importer(2089858483,0ecaa5967403d082aa24f35e1b516d23) Generated GUIDs only implemented for interfaces!
 -> (artifact id: 'dfd84706a69c9378703acc246f85267e') in 0.034529 seconds
Number of updated asset objects reloaded before import = 0
Number of asset objects unloaded after import = 1
========================================================================
Received Import Request.
  Time since last request: 0.000032 seconds.
  path: Assets/JP_School classroom_V2/Textures/blackboard01_NRM.png
  artifactKey: Guid(a6b9795c23578cf44b0d1eb8842611a9) Importer(2089858483,0ecaa5967403d082aa24f35e1b516d23)
Start importing Assets/JP_School classroom_V2/Textures/blackboard01_NRM.png using Guid(a6b9795c23578cf44b0d1eb8842611a9) Importer(2089858483,0ecaa5967403d082aa24f35e1b516d23) Generated GUIDs only implemented for interfaces!
 -> (artifact id: '7156fd39c2b9cabbd495f56f00543358') in 0.016221 seconds
Number of updated asset objects reloaded before import = 0
Number of asset objects unloaded after import = 1
========================================================================
Received Import Request.
  Time since last request: 0.050517 seconds.
  path: Assets/JP_School classroom_V2/Meshes/Materials/desk02_3.mat
  artifactKey: Guid(e1606125ea86e414b9d1d30a0fe50345) Importer(2089858483,0ecaa5967403d082aa24f35e1b516d23)
Start importing Assets/JP_School classroom_V2/Meshes/Materials/desk02_3.mat using Guid(e1606125ea86e414b9d1d30a0fe50345) Importer(2089858483,0ecaa5967403d082aa24f35e1b516d23) Generated GUIDs only implemented for interfaces!
 -> (artifact id: 'd2da28cbf41a926970204b5859f4a369') in 0.015578 seconds
Number of updated asset objects reloaded before import = 0
Number of asset objects unloaded after import = 4
========================================================================
Received Import Request.
  Time since last request: 0.000014 seconds.
  path: Assets/JP_School classroom_V2/Meshes/book02.fbx
  artifactKey: Guid(7178d7a48564d75459995c179a533c94) Importer(2089858483,0ecaa5967403d082aa24f35e1b516d23)
Start importing Assets/JP_School classroom_V2/Meshes/book02.fbx using Guid(7178d7a48564d75459995c179a533c94) Importer(2089858483,0ecaa5967403d082aa24f35e1b516d23) Generated GUIDs only implemented for interfaces!
 -> (artifact id: '6148c0c088011c073e3ca019153e6419') in 0.015820 seconds
Number of updated asset objects reloaded before import = 0
Number of asset objects unloaded after import = 7
========================================================================
Received Import Request.
  Time since last request: 0.000014 seconds.
  path: Assets/JP_School classroom_V2/Textures/trashbox01_NRM.png
  artifactKey: Guid(6001c70844d48784d95199a6a3734089) Importer(2089858483,0ecaa5967403d082aa24f35e1b516d23)
Start importing Assets/JP_School classroom_V2/Textures/trashbox01_NRM.png using Guid(6001c70844d48784d95199a6a3734089) Importer(2089858483,0ecaa5967403d082aa24f35e1b516d23) Generated GUIDs only implemented for interfaces!
 -> (artifact id: 'b46f0594631becf5dec1ceb8e064af05') in 0.014712 seconds
Number of updated asset objects reloaded before import = 0
Number of asset objects unloaded after import = 1
========================================================================
Received Import Request.
  Time since last request: 0.000013 seconds.
  path: Assets/JP_School classroom_V2/Meshes/locker01_open.fbx
  artifactKey: Guid(8a1a50b8fdfa35345aeeaf51f3da28ee) Importer(2089858483,0ecaa5967403d082aa24f35e1b516d23)
Start importing Assets/JP_School classroom_V2/Meshes/locker01_open.fbx using Guid(8a1a50b8fdfa35345aeeaf51f3da28ee) Importer(2089858483,0ecaa5967403d082aa24f35e1b516d23) Generated GUIDs only implemented for interfaces!
 -> (artifact id: 'a9fd0323b505c8bcf6947ab7b9880b2e') in 0.017179 seconds
Number of updated asset objects reloaded before import = 0
Number of asset objects unloaded after import = 14
========================================================================
Received Import Request.
  Time since last request: 0.000018 seconds.
  path: Assets/JP_School classroom_V2/Textures/poster-frame01_NRM.png
  artifactKey: Guid(ddea2714a60716d449cf0d23a101104f) Importer(2089858483,0ecaa5967403d082aa24f35e1b516d23)
Start importing Assets/JP_School classroom_V2/Textures/poster-frame01_NRM.png using Guid(ddea2714a60716d449cf0d23a101104f) Importer(2089858483,0ecaa5967403d082aa24f35e1b516d23) Generated GUIDs only implemented for interfaces!
 -> (artifact id: 'c32a861d8623059354c0803678c608dd') in 0.018410 seconds
Number of updated asset objects reloaded before import = 0
Number of asset objects unloaded after import = 1
========================================================================
Received Import Request.
  Time since last request: 0.000014 seconds.
  path: Assets/JP_School classroom_V2/Textures/shelf01_2_MTL.tga
  artifactKey: Guid(541ac38a632f4164b8e250d3d8790aa9) Importer(2089858483,0ecaa5967403d082aa24f35e1b516d23)
Start importing Assets/JP_School classroom_V2/Textures/shelf01_2_MTL.tga using Guid(541ac38a632f4164b8e250d3d8790aa9) Importer(2089858483,0ecaa5967403d082aa24f35e1b516d23) Generated GUIDs only implemented for interfaces!
 -> (artifact id: '927e9cd0515fd8ab63e2eb5fb0640bee') in 0.015561 seconds
Number of updated asset objects reloaded before import = 0
Number of asset objects unloaded after import = 1
========================================================================
Received Import Request.
  Time since last request: 0.000015 seconds.
  path: Assets/JP_School classroom_V2/Textures/poster01_1.png
  artifactKey: Guid(343f5fa594981494cbdac397557b9555) Importer(2089858483,0ecaa5967403d082aa24f35e1b516d23)
Start importing Assets/JP_School classroom_V2/Textures/poster01_1.png using Guid(343f5fa594981494cbdac397557b9555) Importer(2089858483,0ecaa5967403d082aa24f35e1b516d23) Generated GUIDs only implemented for interfaces!
 -> (artifact id: 'fcb194acce548561e4ed4e163ae0f4c8') in 0.017323 seconds
Number of updated asset objects reloaded before import = 0
Number of asset objects unloaded after import = 1
========================================================================
Received Import Request.
  Time since last request: 0.000029 seconds.
  path: Assets/JP_School classroom_V2/Textures/lamp01_NRM.png
  artifactKey: Guid(8eb83bd50aaef7940835ae5aa424cfd5) Importer(2089858483,0ecaa5967403d082aa24f35e1b516d23)
Start importing Assets/JP_School classroom_V2/Textures/lamp01_NRM.png using Guid(8eb83bd50aaef7940835ae5aa424cfd5) Importer(2089858483,0ecaa5967403d082aa24f35e1b516d23) Generated GUIDs only implemented for interfaces!
 -> (artifact id: 'e749ee5e7a0cd14328d92ad0a2f8c99a') in 0.018250 seconds
Number of updated asset objects reloaded before import = 0
Number of asset objects unloaded after import = 1
========================================================================
Received Import Request.
  Time since last request: 0.000012 seconds.
  path: Assets/JP_School classroom_V2/Meshes/Materials/door01_1.mat
  artifactKey: Guid(2393c3033a8040f4d8d09faf4bbeb550) Importer(2089858483,0ecaa5967403d082aa24f35e1b516d23)
Start importing Assets/JP_School classroom_V2/Meshes/Materials/door01_1.mat using Guid(2393c3033a8040f4d8d09faf4bbeb550) Importer(2089858483,0ecaa5967403d082aa24f35e1b516d23) Generated GUIDs only implemented for interfaces!
 -> (artifact id: 'dfadb6f6d0b564e60e17dc08186f3e3d') in 0.015814 seconds
Number of updated asset objects reloaded before import = 0
Number of asset objects unloaded after import = 4
========================================================================
Received Import Request.
  Time since last request: 12.110503 seconds.
  path: Assets/Settings/Low_PipelineAsset_ForwardRenderer.asset
  artifactKey: Guid(7f6cf1b57836e3e4f872a74127b7bd63) Importer(2089858483,0ecaa5967403d082aa24f35e1b516d23)
Start importing Assets/Settings/Low_PipelineAsset_ForwardRenderer.asset using Guid(7f6cf1b57836e3e4f872a74127b7bd63) Importer(2089858483,0ecaa5967403d082aa24f35e1b516d23) Generated GUIDs only implemented for interfaces!
 -> (artifact id: 'de5436ed2b5437196d973d3c98d87100') in 0.018813 seconds
Number of updated asset objects reloaded before import = 0
Number of asset objects unloaded after import = 1
========================================================================
Received Import Request.
  Time since last request: 0.000026 seconds.
  path: Assets/JP_School classroom_V2/Meshes/Materials/classroom_ceiling01.mat
  artifactKey: Guid(7fd327c3a48306b4589ac72bcd237373) Importer(2089858483,0ecaa5967403d082aa24f35e1b516d23)
Start importing Assets/JP_School classroom_V2/Meshes/Materials/classroom_ceiling01.mat using Guid(7fd327c3a48306b4589ac72bcd237373) Importer(2089858483,0ecaa5967403d082aa24f35e1b516d23) Generated GUIDs only implemented for interfaces!
 -> (artifact id: 'a1c475637710ec43d55261ae6af85bd9') in 0.028694 seconds
Number of updated asset objects reloaded before import = 0
Number of asset objects unloaded after import = 3
========================================================================
Received Import Request.
  Time since last request: 0.000024 seconds.
  path: Assets/JP_School classroom_V2/Meshes/Materials/classroom_wall01.mat
  artifactKey: Guid(549d08f0b3b0e3a43a1fefe3839b9fa1) Importer(2089858483,0ecaa5967403d082aa24f35e1b516d23)
Start importing Assets/JP_School classroom_V2/Meshes/Materials/classroom_wall01.mat using Guid(549d08f0b3b0e3a43a1fefe3839b9fa1) Importer(2089858483,0ecaa5967403d082aa24f35e1b516d23) Generated GUIDs only implemented for interfaces!
 -> (artifact id: 'c0c7f3c7398aa65e27f000a744b70021') in 0.019894 seconds
Number of updated asset objects reloaded before import = 0
Number of asset objects unloaded after import = 4
========================================================================
Received Import Request.
  Time since last request: 0.000024 seconds.
  path: Assets/JP_School classroom_V2/Meshes/Materials/ruler01_1.mat
  artifactKey: Guid(e5bb3e527f1159847a9d8a774ce20ae5) Importer(2089858483,0ecaa5967403d082aa24f35e1b516d23)
Start importing Assets/JP_School classroom_V2/Meshes/Materials/ruler01_1.mat using Guid(e5bb3e527f1159847a9d8a774ce20ae5) Importer(2089858483,0ecaa5967403d082aa24f35e1b516d23) Generated GUIDs only implemented for interfaces!
 -> (artifact id: 'fdfdd73430c8b7350b193bfcf23efd1a') in 0.019631 seconds
Number of updated asset objects reloaded before import = 0
Number of asset objects unloaded after import = 4
========================================================================
Received Import Request.
  Time since last request: 0.000021 seconds.
  path: Assets/Settings/Ultra_PipelineAsset_ForwardRenderer.asset
  artifactKey: Guid(4aea7efb9f0c30748afa8190cc70666a) Importer(2089858483,0ecaa5967403d082aa24f35e1b516d23)
Start importing Assets/Settings/Ultra_PipelineAsset_ForwardRenderer.asset using Guid(4aea7efb9f0c30748afa8190cc70666a) Importer(2089858483,0ecaa5967403d082aa24f35e1b516d23) Generated GUIDs only implemented for interfaces!
 -> (artifact id: '5d14b267b4f18c77f71d879a796744c3') in 0.018652 seconds
Number of updated asset objects reloaded before import = 0
Number of asset objects unloaded after import = 1
========================================================================
Received Import Request.
  Time since last request: 0.000030 seconds.
  path: Assets/JP_School classroom_V2/Meshes/Materials/screen01_1.mat
  artifactKey: Guid(e4b656df825629a46a2c42adc77aedba) Importer(2089858483,0ecaa5967403d082aa24f35e1b516d23)
Start importing Assets/JP_School classroom_V2/Meshes/Materials/screen01_1.mat using Guid(e4b656df825629a46a2c42adc77aedba) Importer(2089858483,0ecaa5967403d082aa24f35e1b516d23) Generated GUIDs only implemented for interfaces!
 -> (artifact id: '5e478abf616ac427f5a27fff11b8b86d') in 0.033766 seconds
Number of updated asset objects reloaded before import = 0
Number of asset objects unloaded after import = 4
========================================================================
Received Import Request.
  Time since last request: 0.000021 seconds.
  path: Assets/JP_School classroom_V2/Meshes/Materials/lamp01_1.mat
  artifactKey: Guid(71d197221dce7654b8518d4db17861c3) Importer(2089858483,0ecaa5967403d082aa24f35e1b516d23)
Start importing Assets/JP_School classroom_V2/Meshes/Materials/lamp01_1.mat using Guid(71d197221dce7654b8518d4db17861c3) Importer(2089858483,0ecaa5967403d082aa24f35e1b516d23) Generated GUIDs only implemented for interfaces!
 -> (artifact id: '99fdc678f2fe8c3bcbab82b98f585c95') in 0.014933 seconds
Number of updated asset objects reloaded before import = 0
Number of asset objects unloaded after import = 5
========================================================================
Received Import Request.
  Time since last request: 0.000037 seconds.
  path: Assets/JP_School classroom_V2/Meshes/Materials/chalk01_1.mat
  artifactKey: Guid(55ed94c0a3f23c64992fbc31254cf01c) Importer(2089858483,0ecaa5967403d082aa24f35e1b516d23)
Start importing Assets/JP_School classroom_V2/Meshes/Materials/chalk01_1.mat using Guid(55ed94c0a3f23c64992fbc31254cf01c) Importer(2089858483,0ecaa5967403d082aa24f35e1b516d23) Generated GUIDs only implemented for interfaces!
 -> (artifact id: 'd9b9bab059bbc962ccafbbc6d8bc2113') in 0.013579 seconds
Number of updated asset objects reloaded before import = 0
Number of asset objects unloaded after import = 2
========================================================================
Received Import Request.
  Time since last request: 0.000032 seconds.
  path: Assets/JP_School classroom_V2/Meshes/Materials/trashbox01_1.mat
  artifactKey: Guid(fd63e470cb7f1d84499acaaebb1c0604) Importer(2089858483,0ecaa5967403d082aa24f35e1b516d23)
Start importing Assets/JP_School classroom_V2/Meshes/Materials/trashbox01_1.mat using Guid(fd63e470cb7f1d84499acaaebb1c0604) Importer(2089858483,0ecaa5967403d082aa24f35e1b516d23) Generated GUIDs only implemented for interfaces!
 -> (artifact id: '3aa5bfdcf6cabe16a0519ecb9af1fe69') in 0.018402 seconds
Number of updated asset objects reloaded before import = 0
Number of asset objects unloaded after import = 3
========================================================================
Received Import Request.
  Time since last request: 0.000029 seconds.
  path: Assets/JP_School classroom_V2/Meshes/Materials/desk01_1.mat
  artifactKey: Guid(c5974b703fc24364bad0accb17a02f07) Importer(2089858483,0ecaa5967403d082aa24f35e1b516d23)
Start importing Assets/JP_School classroom_V2/Meshes/Materials/desk01_1.mat using Guid(c5974b703fc24364bad0accb17a02f07) Importer(2089858483,0ecaa5967403d082aa24f35e1b516d23) Generated GUIDs only implemented for interfaces!
 -> (artifact id: 'aeebc3487ff45e4392858de178a150cf') in 0.018402 seconds
Number of updated asset objects reloaded before import = 0
Number of asset objects unloaded after import = 5
========================================================================
Received Import Request.
  Time since last request: 0.000023 seconds.
  path: Assets/JP_School classroom_V2/Meshes/Materials/speaker01_1.mat
  artifactKey: Guid(ae43a917c2efacd4096b33fabba15c6f) Importer(2089858483,0ecaa5967403d082aa24f35e1b516d23)
Start importing Assets/JP_School classroom_V2/Meshes/Materials/speaker01_1.mat using Guid(ae43a917c2efacd4096b33fabba15c6f) Importer(2089858483,0ecaa5967403d082aa24f35e1b516d23) Generated GUIDs only implemented for interfaces!
 -> (artifact id: '7a2cc557ad7f15897107da7db12e6c7d') in 0.019160 seconds
Number of updated asset objects reloaded before import = 0
Number of asset objects unloaded after import = 4
========================================================================
Received Import Request.
  Time since last request: 0.000056 seconds.
  path: Assets/JP_School classroom_V2/Meshes/Materials/chair01_1.mat
  artifactKey: Guid(15766e0000ff8a3439f0d7e7222ca851) Importer(2089858483,0ecaa5967403d082aa24f35e1b516d23)
Start importing Assets/JP_School classroom_V2/Meshes/Materials/chair01_1.mat using Guid(15766e0000ff8a3439f0d7e7222ca851) Importer(2089858483,0ecaa5967403d082aa24f35e1b516d23) Generated GUIDs only implemented for interfaces!
 -> (artifact id: '2f0f70fa21171e4330204e42b7d7e25d') in 0.016830 seconds
Number of updated asset objects reloaded before import = 0
Number of asset objects unloaded after import = 4
========================================================================
Received Import Request.
  Time since last request: 0.000023 seconds.
  path: Assets/JP_School classroom_V2/Meshes/Materials/bag01_1.mat
  artifactKey: Guid(2b5d8955c342735499e14d30a23d511c) Importer(2089858483,0ecaa5967403d082aa24f35e1b516d23)
Start importing Assets/JP_School classroom_V2/Meshes/Materials/bag01_1.mat using Guid(2b5d8955c342735499e14d30a23d511c) Importer(2089858483,0ecaa5967403d082aa24f35e1b516d23) Generated GUIDs only implemented for interfaces!
 -> (artifact id: '31345570edd3ea89fd936847e1823bda') in 0.016844 seconds
Number of updated asset objects reloaded before import = 0
Number of asset objects unloaded after import = 5
========================================================================
Received Import Request.
  Time since last request: 19.327026 seconds.
  path: Assets/JP_School classroom_V2/Meshes/Materials/drink01_1.mat
  artifactKey: Guid(24684d96343675c47a1437b90798e58c) Importer(2089858483,0ecaa5967403d082aa24f35e1b516d23)
Start importing Assets/JP_School classroom_V2/Meshes/Materials/drink01_1.mat using Guid(24684d96343675c47a1437b90798e58c) Importer(2089858483,0ecaa5967403d082aa24f35e1b516d23) Generated GUIDs only implemented for interfaces!
 -> (artifact id: '7b9ae4d6973829039cd71cb22668aad8') in 0.013319 seconds
Number of updated asset objects reloaded before import = 0
Number of asset objects unloaded after import = 2
========================================================================
Received Import Request.
  Time since last request: 0.000020 seconds.
  path: Assets/JP_School classroom_V2/Meshes/Materials/lamp02_1.mat
  artifactKey: Guid(fba24c0cce3b91b40953614d72aa62b4) Importer(2089858483,0ecaa5967403d082aa24f35e1b516d23)
Start importing Assets/JP_School classroom_V2/Meshes/Materials/lamp02_1.mat using Guid(fba24c0cce3b91b40953614d72aa62b4) Importer(2089858483,0ecaa5967403d082aa24f35e1b516d23) Generated GUIDs only implemented for interfaces!
 -> (artifact id: '0d8d39c49fa5b8ef6e8e073e2bbacc67') in 0.020396 seconds
Number of updated asset objects reloaded before import = 0
Number of asset objects unloaded after import = 5
========================================================================
Received Import Request.
  Time since last request: 0.000020 seconds.
  path: Assets/JP_School classroom_V2/Meshes/Materials/glass02_1.mat
  artifactKey: Guid(d2eb6a5a4cf1cfb42805e2bc2944b128) Importer(2089858483,0ecaa5967403d082aa24f35e1b516d23)
Start importing Assets/JP_School classroom_V2/Meshes/Materials/glass02_1.mat using Guid(d2eb6a5a4cf1cfb42805e2bc2944b128) Importer(2089858483,0ecaa5967403d082aa24f35e1b516d23) Generated GUIDs only implemented for interfaces!
 -> (artifact id: 'b5f922ce2c162c4bca993456da8504a6') in 0.024505 seconds
Number of updated asset objects reloaded before import = 0
Number of asset objects unloaded after import = 1
========================================================================
Received Import Request.
  Time since last request: 0.000017 seconds.
  path: Assets/JP_School classroom_V2/Meshes/Materials/switch01_1.mat
  artifactKey: Guid(e438fe6838cd9744b9a7d0509dea9e20) Importer(2089858483,0ecaa5967403d082aa24f35e1b516d23)
Start importing Assets/JP_School classroom_V2/Meshes/Materials/switch01_1.mat using Guid(e438fe6838cd9744b9a7d0509dea9e20) Importer(2089858483,0ecaa5967403d082aa24f35e1b516d23) Generated GUIDs only implemented for interfaces!
 -> (artifact id: 'e180e9224d2b72a562fb859931cff70c') in 0.017083 seconds
Number of updated asset objects reloaded before import = 0
Number of asset objects unloaded after import = 3
========================================================================
Received Import Request.
  Time since last request: 0.000018 seconds.
  path: Assets/JP_School classroom_V2/Meshes/Materials/dustpan01_1.mat
  artifactKey: Guid(6ea63d3a21fd15e4dae1a7604fe0bbf1) Importer(2089858483,0ecaa5967403d082aa24f35e1b516d23)
Start importing Assets/JP_School classroom_V2/Meshes/Materials/dustpan01_1.mat using Guid(6ea63d3a21fd15e4dae1a7604fe0bbf1) Importer(2089858483,0ecaa5967403d082aa24f35e1b516d23) Generated GUIDs only implemented for interfaces!
 -> (artifact id: '10fde8b616a9f805c28db6eab0e1b107') in 0.022412 seconds
Number of updated asset objects reloaded before import = 0
Number of asset objects unloaded after import = 5
========================================================================
Received Import Request.
  Time since last request: 0.000021 seconds.
  path: Assets/JP_School classroom_V2/Meshes/Materials/classroom_wall02.mat
  artifactKey: Guid(f2b9bd04af9200143baf951d3038bef9) Importer(2089858483,0ecaa5967403d082aa24f35e1b516d23)
Start importing Assets/JP_School classroom_V2/Meshes/Materials/classroom_wall02.mat using Guid(f2b9bd04af9200143baf951d3038bef9) Importer(2089858483,0ecaa5967403d082aa24f35e1b516d23) Generated GUIDs only implemented for interfaces!
 -> (artifact id: '674439dec0a558d05f072f62371dbce4') in 0.013731 seconds
Number of updated asset objects reloaded before import = 0
Number of asset objects unloaded after import = 4
========================================================================
Received Import Request.
  Time since last request: 0.000021 seconds.
  path: Assets/JP_School classroom_V2/Meshes/Materials/book02_1.mat
  artifactKey: Guid(c90d919c7f6a22b46be4a86810f88bef) Importer(2089858483,0ecaa5967403d082aa24f35e1b516d23)
Start importing Assets/JP_School classroom_V2/Meshes/Materials/book02_1.mat using Guid(c90d919c7f6a22b46be4a86810f88bef) Importer(2089858483,0ecaa5967403d082aa24f35e1b516d23) Generated GUIDs only implemented for interfaces!
 -> (artifact id: 'fa18ea10e1e3e5f94b44f631fc096d2b') in 0.013564 seconds
Number of updated asset objects reloaded before import = 0
Number of asset objects unloaded after import = 4
========================================================================
Received Import Request.
  Time since last request: 0.000017 seconds.
  path: Assets/JP_School classroom_V2/Meshes/Materials/desk02_4.mat
  artifactKey: Guid(5bfed6c92b6048a49babd566fe1676ec) Importer(2089858483,0ecaa5967403d082aa24f35e1b516d23)
Start importing Assets/JP_School classroom_V2/Meshes/Materials/desk02_4.mat using Guid(5bfed6c92b6048a49babd566fe1676ec) Importer(2089858483,0ecaa5967403d082aa24f35e1b516d23) Generated GUIDs only implemented for interfaces!
 -> (artifact id: '9cffa8c57a0df0bfa87383511b808cfd') in 0.019013 seconds
Number of updated asset objects reloaded before import = 0
Number of asset objects unloaded after import = 4
========================================================================
Received Import Request.
  Time since last request: 41.679308 seconds.
  path: Assets/Settings/Ultra_PipelineAsset.asset
  artifactKey: Guid(18226f98371c40444b0e54ff86321d51) Importer(815301076,1909f56bfc062723c751e8b465ee728b)
Start importing Assets/Settings/Ultra_PipelineAsset.asset using Guid(18226f98371c40444b0e54ff86321d51) Importer(815301076,1909f56bfc062723c751e8b465ee728b)  -> (artifact id: '51b5f835641b9ec4a0259ade5bdf2a94') in 0.001814 seconds
Number of updated asset objects reloaded before import = 0
Number of asset objects unloaded after import = 2
========================================================================
Received Prepare
Refreshing native plugins compatible for Editor in 5.29 ms, found 6 plugins.
Preloading 1 native plugins for Editor in 0.06 ms.
Unloading 5 Unused Serialized files (Serialized files now loaded: 0)
Unloading 3 unused Assets / (1.0 MB). Loaded Objects now: 7012.
Memory consumption went from 113.9 MB to 112.8 MB.
Total: 6.440000 ms (FindLiveObjects: 0.845800 ms CreateObjectMapping: 0.215000 ms MarkObjects: 5.080300 ms  DeleteObjects: 0.298100 ms)

Prepare: number of updated asset objects reloaded= 0
AssetImportParameters requested are different than current active one (requested -> active):
  custom:container-demuxer-ogg: 62fdf1f143b41e24485cea50d1cbac27 -> 
  custom:framework-win-MediaFoundation: 216162199b28c13a410421893ffa2e32 -> 
  custom:container-muxer-webm: aa71ff27fc2769a1b78a27578f13a17b -> 
  custom:video-decoder-webm-vp8: 9c59270c3fd7afecdb556c50c9e8de78 -> 
  custom:AudioImporter_EditorPlatform: d09bf68614088b80899f8185d706f6e7 -> 
  custom:audio-decoder-ogg-vorbis: bf7c407c2cedff20999df2af8eb42d56 -> 
  custom:audio-encoder-webm-vorbis: bf7c407c2cedff20999df2af8eb42d56 -> 
  custom:video-decoder-ogg-theora: a1e56fd34408186e4bbccfd4996cb3dc -> 
  custom:container-demuxer-webm: 4f35f7cbe854078d1ac9338744f61a02 -> 
  custom:video-encoder-webm-vp8: eb34c28f22e8b96e1ab97ce403110664 -> 
========================================================================
Received Import Request.
  Time since last request: 51.349930 seconds.
  path: Assets/JP_School classroom_V2/Scenes/School_Classroom.unity
  artifactKey: Guid(b64e7bfed3af07540960a741f9195d89) Importer(2089858483,0ecaa5967403d082aa24f35e1b516d23)
Start importing Assets/JP_School classroom_V2/Scenes/School_Classroom.unity using Guid(b64e7bfed3af07540960a741f9195d89) Importer(2089858483,0ecaa5967403d082aa24f35e1b516d23) Generated GUIDs only implemented for interfaces!
 -> (artifact id: '9723df43a8a7e5f7804ada1a80dbbcb6') in 0.011786 seconds
Number of updated asset objects reloaded before import = 0
Number of asset objects unloaded after import = 1
Editor requested this worker to shutdown with reason: Scaling down because of idle timeout
TcpMessagingSession - receive error: operation aborted. errorcode: 995, details: The I/O operation has been aborted because of either a thread exit or an application request.
AssetImportWorker is now disconnected from the server
Process exiting
Exiting without the bug reporter. Application will terminate with return code 0