Using pre-set license
Built from '2022.3/staging' branch; Version is '2022.3.2f1 (d74737c6db50) revision 14108471'; Using compiler version '192829333'; Build Type 'Release'
OS: 'Windows 10  (10.0.19045) 64bit Professional' Language: 'en' Physical Memory: 32675 MB
BatchMode: 1, IsHumanControllingUs: 0, StartBugReporterOnCrash: 0, Is64bit: 1, IsPro: 1

COMMAND LINE ARGUMENTS:
C:\Program Files\Unity\Hub\Editor\2022.3.2f1\Editor\Unity.exe
-adb2
-batchMode
-noUpm
-name
AssetImportWorker0
-projectPath
F:/OTHER FILES/learning & tries/General Unity Projects/VR Practices/ArchiMech_LBXR/ArchiMech_VR
-logFile
Logs/AssetImportWorker0.log
-srvPort
65526
Successfully changed project path to: F:/OTHER FILES/learning & tries/General Unity Projects/VR Practices/ArchiMech_LBXR/ArchiMech_VR
F:/OTHER FILES/learning & tries/General Unity Projects/VR Practices/ArchiMech_LBXR/ArchiMech_VR
[UnityMemory] Configuration Parameters - Can be set up in boot.config
    "memorysetup-bucket-allocator-granularity=16"
    "memorysetup-bucket-allocator-bucket-count=8"
    "memorysetup-bucket-allocator-block-size=33554432"
    "memorysetup-bucket-allocator-block-count=8"
    "memorysetup-main-allocator-block-size=16777216"
    "memorysetup-thread-allocator-block-size=16777216"
    "memorysetup-gfx-main-allocator-block-size=16777216"
    "memorysetup-gfx-thread-allocator-block-size=16777216"
    "memorysetup-cache-allocator-block-size=4194304"
    "memorysetup-typetree-allocator-block-size=2097152"
    "memorysetup-profiler-bucket-allocator-granularity=16"
    "memorysetup-profiler-bucket-allocator-bucket-count=8"
    "memorysetup-profiler-bucket-allocator-block-size=33554432"
    "memorysetup-profiler-bucket-allocator-block-count=8"
    "memorysetup-profiler-allocator-block-size=16777216"
    "memorysetup-profiler-editor-allocator-block-size=1048576"
    "memorysetup-temp-allocator-size-main=16777216"
    "memorysetup-job-temp-allocator-block-size=2097152"
    "memorysetup-job-temp-allocator-block-size-background=1048576"
    "memorysetup-job-temp-allocator-reduction-small-platforms=262144"
    "memorysetup-allocator-temp-initial-block-size-main=262144"
    "memorysetup-allocator-temp-initial-block-size-worker=262144"
    "memorysetup-temp-allocator-size-background-worker=32768"
    "memorysetup-temp-allocator-size-job-worker=262144"
    "memorysetup-temp-allocator-size-preload-manager=33554432"
    "memorysetup-temp-allocator-size-nav-mesh-worker=65536"
    "memorysetup-temp-allocator-size-audio-worker=65536"
    "memorysetup-temp-allocator-size-cloud-worker=32768"
    "memorysetup-temp-allocator-size-gi-baking-worker=262144"
    "memorysetup-temp-allocator-size-gfx=262144"
Player connection [27744] Host "[IP] 192.168.0.112 [Port] 0 [Flags] 2 [Guid] 1571883693 [EditorId] 1571883693 [Version] 1048832 [Id] WindowsEditor(7,PC) [Debug] 1 [PackageName] WindowsEditor [ProjectName] Editor" joined multi-casting on [225.0.0.222:54997]...

Player connection [27744] Host "[IP] 192.168.0.112 [Port] 0 [Flags] 2 [Guid] 1571883693 [EditorId] 1571883693 [Version] 1048832 [Id] WindowsEditor(7,PC) [Debug] 1 [PackageName] WindowsEditor [ProjectName] Editor" joined alternative multi-casting on [225.0.0.222:34997]...

Refreshing native plugins compatible for Editor in 9.68 ms, found 6 plugins.
Preloading 1 native plugins for Editor in 0.46 ms.
Initialize engine version: 2022.3.2f1 (d74737c6db50)
[Subsystems] Discovering subsystems at path C:/Program Files/Unity/Hub/Editor/2022.3.2f1/Editor/Data/Resources/UnitySubsystems
[Subsystems] Discovering subsystems at path F:/OTHER FILES/learning & tries/General Unity Projects/VR Practices/ArchiMech_LBXR/ArchiMech_VR/Assets
GfxDevice: creating device client; threaded=0; jobified=0
Direct3D:
    Version:  Direct3D 11.0 [level 11.1]
    Renderer: NVIDIA GeForce RTX 3070 (ID=0x2484)
    Vendor:   NVIDIA
    VRAM:     8032 MB
    Driver:   31.0.15.3623
Initialize mono
Mono path[0] = 'C:/Program Files/Unity/Hub/Editor/2022.3.2f1/Editor/Data/Managed'
Mono path[1] = 'C:/Program Files/Unity/Hub/Editor/2022.3.2f1/Editor/Data/MonoBleedingEdge/lib/mono/unityjit-win32'
Mono config path = 'C:/Program Files/Unity/Hub/Editor/2022.3.2f1/Editor/Data/MonoBleedingEdge/etc'
Using monoOptions --debugger-agent=transport=dt_socket,embedding=1,server=y,suspend=n,address=127.0.0.1:56108
Begin MonoManager ReloadAssembly
Registering precompiled unity dll's ...
Register platform support module: C:/Program Files/Unity/Hub/Editor/2022.3.2f1/Editor/Data/PlaybackEngines/WindowsStandaloneSupport/UnityEditor.WindowsStandalone.Extensions.dll
Register platform support module: C:/Program Files/Unity/Hub/Editor/2022.3.2f1/Editor/Data/PlaybackEngines/MetroSupport/UnityEditor.UWP.Extensions.dll
Registered in 0.011865 seconds.
- Loaded All Assemblies, in  0.250 seconds
Native extension for UWP target not found
Native extension for WindowsStandalone target not found
Mono: successfully reloaded assembly
- Finished resetting the current domain, in  0.189 seconds
Domain Reload Profiling: 438ms
	BeginReloadAssembly (66ms)
		ExecutionOrderSort (0ms)
		DisableScriptedObjects (0ms)
		BackupInstance (0ms)
		ReleaseScriptingObjects (0ms)
		CreateAndSetChildDomain (1ms)
	RebuildCommonClasses (25ms)
	RebuildNativeTypeToScriptingClass (7ms)
	initialDomainReloadingComplete (54ms)
	LoadAllAssembliesAndSetupDomain (97ms)
		LoadAssemblies (63ms)
		RebuildTransferFunctionScriptingTraits (0ms)
		AnalyzeDomain (91ms)
			TypeCache.Refresh (91ms)
				TypeCache.ScanAssembly (83ms)
			ScanForSourceGeneratedMonoScriptInfo (0ms)
			ResolveRequiredComponents (0ms)
	FinalizeReload (189ms)
		ReleaseScriptCaches (0ms)
		RebuildScriptCaches (0ms)
		SetupLoadedEditorAssemblies (149ms)
			LogAssemblyErrors (0ms)
			InitializePlatformSupportModulesInManaged (9ms)
			SetLoadedEditorAssemblies (4ms)
			RefreshPlugins (0ms)
			BeforeProcessingInitializeOnLoad (2ms)
			ProcessInitializeOnLoadAttributes (101ms)
			ProcessInitializeOnLoadMethodAttributes (34ms)
			AfterProcessingInitializeOnLoad (0ms)
			EditorAssembliesLoaded (0ms)
		ExecutionOrderSort2 (0ms)
		AwakeInstancesAfterBackupRestoration (0ms)
========================================================================
Worker process is ready to serve import requests
Begin MonoManager ReloadAssembly
Symbol file LoadedFromMemory doesn't match image F:\OTHER FILES\learning & tries\General Unity Projects\VR Practices\ArchiMech_LBXR\ArchiMech_VR\Library\PackageCache\com.unity.visualscripting@1.8.0\Editor\VisualScripting.Core\Dependencies\YamlDotNet\Unity.VisualScripting.YamlDotNet.dll
Symbol file LoadedFromMemory doesn't match image F:\OTHER FILES\learning & tries\General Unity Projects\VR Practices\ArchiMech_LBXR\ArchiMech_VR\Library\PackageCache\com.unity.visualscripting@1.8.0\Editor\VisualScripting.Core\Dependencies\DotNetZip\Unity.VisualScripting.IonicZip.dll
- Loaded All Assemblies, in  0.654 seconds
Refreshing native plugins compatible for Editor in 3.03 ms, found 6 plugins.
Native extension for UWP target not found
Native extension for WindowsStandalone target not found
Package Manager log level set to [2]
[Package Manager] Server::EnsureServerProcessIsRunning -- launch failed, reason: Unity was launched with the -noUpm command-line argument
[Package Manager] UpmClient::Send -- Unable to send message (not connected to UPM process).
[Package Manager] Cannot connect to Unity Package Manager local server
System.Reflection.TargetInvocationException: Exception has been thrown by the target of an invocation. ---> System.NullReferenceException: Object reference not set to an instance of an object
  at Unity.XR.Oculus.OculusLoader.AssetPathToAbsolutePath (System.String assetPath) [0x0003d] in .\Library\PackageCache\com.unity.xr.oculus@4.0.0\Runtime\OculusLoader.cs:282 
  at Unity.XR.Oculus.OculusLoader.EditorLoadOVRPlugin () [0x0007b] in .\Library\PackageCache\com.unity.xr.oculus@4.0.0\Runtime\OculusLoader.cs:267 
  at (wrapper managed-to-native) System.Reflection.RuntimeMethodInfo.InternalInvoke(System.Reflection.RuntimeMethodInfo,object,object[],System.Exception&)
  at System.Reflection.RuntimeMethodInfo.Invoke (System.Object obj, System.Reflection.BindingFlags invokeAttr, System.Reflection.Binder binder, System.Object[] parameters, System.Globalization.CultureInfo culture) [0x0006a] in <605bf8b31fcb444b85176da963870aa7>:0 
   --- End of inner exception stack trace ---
  at System.Reflection.RuntimeMethodInfo.Invoke (System.Object obj, System.Reflection.BindingFlags invokeAttr, System.Reflection.Binder binder, System.Object[] parameters, System.Globalization.CultureInfo culture) [0x00083] in <605bf8b31fcb444b85176da963870aa7>:0 
  at System.Reflection.MethodBase.Invoke (System.Object obj, System.Object[] parameters) [0x00000] in <605bf8b31fcb444b85176da963870aa7>:0 
  at UnityEditor.EditorAssemblies.ProcessInitializeOnLoadMethodAttributes () [0x000a5] in <ac87b54e58ee4be198261fd5c8030d52>:0 
UnityEngine.StackTraceUtility:ExtractStackTrace ()
UnityEngine.DebugLogHandler:LogFormat (UnityEngine.LogType,UnityEngine.Object,string,object[])
UnityEngine.Logger:Log (UnityEngine.LogType,object)
UnityEngine.Debug:LogError (object)
UnityEditor.EditorAssemblies:ProcessInitializeOnLoadMethodAttributes ()

Mono: successfully reloaded assembly
[Package Manager] Server::EnsureServerProcessIsRunning -- launch failed, reason: Unity was launched with the -noUpm command-line argument
[Package Manager] UpmClient::Send -- Unable to send message (not connected to UPM process).
[Package Manager] Cannot connect to Unity Package Manager local server
[Package Manager] Server::EnsureServerProcessIsRunning -- launch failed, reason: Unity was launched with the -noUpm command-line argument
[Package Manager] UpmClient::Send -- Unable to send message (not connected to UPM process).
[Package Manager] Cannot connect to Unity Package Manager local server
- Finished resetting the current domain, in  0.520 seconds
Domain Reload Profiling: 1172ms
	BeginReloadAssembly (107ms)
		ExecutionOrderSort (0ms)
		DisableScriptedObjects (6ms)
		BackupInstance (0ms)
		ReleaseScriptingObjects (0ms)
		CreateAndSetChildDomain (19ms)
	RebuildCommonClasses (23ms)
	RebuildNativeTypeToScriptingClass (7ms)
	initialDomainReloadingComplete (34ms)
	LoadAllAssembliesAndSetupDomain (479ms)
		LoadAssemblies (240ms)
		RebuildTransferFunctionScriptingTraits (0ms)
		AnalyzeDomain (286ms)
			TypeCache.Refresh (257ms)
				TypeCache.ScanAssembly (246ms)
			ScanForSourceGeneratedMonoScriptInfo (22ms)
			ResolveRequiredComponents (8ms)
	FinalizeReload (521ms)
		ReleaseScriptCaches (0ms)
		RebuildScriptCaches (0ms)
		SetupLoadedEditorAssemblies (384ms)
			LogAssemblyErrors (0ms)
			InitializePlatformSupportModulesInManaged (6ms)
			SetLoadedEditorAssemblies (3ms)
			RefreshPlugins (0ms)
			BeforeProcessingInitializeOnLoad (69ms)
			ProcessInitializeOnLoadAttributes (244ms)
			ProcessInitializeOnLoadMethodAttributes (54ms)
			AfterProcessingInitializeOnLoad (6ms)
			EditorAssembliesLoaded (0ms)
		ExecutionOrderSort2 (0ms)
		AwakeInstancesAfterBackupRestoration (4ms)
Launched and connected shader compiler UnityShaderCompiler.exe after 0.04 seconds
Refreshing native plugins compatible for Editor in 3.52 ms, found 6 plugins.
Preloading 1 native plugins for Editor in 0.04 ms.
Unloading 6549 Unused Serialized files (Serialized files now loaded: 0)
Unloading 79 unused Assets / (1.1 MB). Loaded Objects now: 7006.
Memory consumption went from 238.4 MB to 237.4 MB.
Total: 4.596400 ms (FindLiveObjects: 0.524300 ms CreateObjectMapping: 0.466000 ms MarkObjects: 3.246500 ms  DeleteObjects: 0.358500 ms)

AssetImportParameters requested are different than current active one (requested -> active):
  custom:container-demuxer-ogg: 62fdf1f143b41e24485cea50d1cbac27 -> 
  custom:framework-win-MediaFoundation: 216162199b28c13a410421893ffa2e32 -> 
  custom:container-muxer-webm: aa71ff27fc2769a1b78a27578f13a17b -> 
  custom:video-decoder-webm-vp8: 9c59270c3fd7afecdb556c50c9e8de78 -> 
  custom:AudioImporter_EditorPlatform: d09bf68614088b80899f8185d706f6e7 -> 
  custom:audio-decoder-ogg-vorbis: bf7c407c2cedff20999df2af8eb42d56 -> 
  custom:audio-encoder-webm-vorbis: bf7c407c2cedff20999df2af8eb42d56 -> 
  custom:video-decoder-ogg-theora: a1e56fd34408186e4bbccfd4996cb3dc -> 
  custom:container-demuxer-webm: 4f35f7cbe854078d1ac9338744f61a02 -> 
  custom:video-encoder-webm-vp8: eb34c28f22e8b96e1ab97ce403110664 -> 
========================================================================
Received Import Request.
  Time since last request: 67854.952549 seconds.
  path: Assets/JP_School classroom_V2/Scenes/School_Classroom.unity
  artifactKey: Guid(b64e7bfed3af07540960a741f9195d89) Importer(815301076,1909f56bfc062723c751e8b465ee728b)
Start importing Assets/JP_School classroom_V2/Scenes/School_Classroom.unity using Guid(b64e7bfed3af07540960a741f9195d89) Importer(815301076,1909f56bfc062723c751e8b465ee728b)  -> (artifact id: 'a2babe33b7b272275dde03fea4a5bf55') in 0.001474 seconds
Number of updated asset objects reloaded before import = 0
Number of asset objects unloaded after import = 0
========================================================================
Received Import Request.
  Time since last request: 0.000021 seconds.
  path: Assets/JP_School classroom_V2/Textures
  artifactKey: Guid(791595a40fe0c894e90d86106ba74500) Importer(815301076,1909f56bfc062723c751e8b465ee728b)
Start importing Assets/JP_School classroom_V2/Textures using Guid(791595a40fe0c894e90d86106ba74500) Importer(815301076,1909f56bfc062723c751e8b465ee728b)  -> (artifact id: '442a77c2d5528a33123e9328da311fdc') in 0.000285 seconds
Number of updated asset objects reloaded before import = 0
Number of asset objects unloaded after import = 0
========================================================================
Received Import Request.
  Time since last request: 0.000032 seconds.
  path: Assets/JP_School classroom_V2/SKY_School classroom.mat
  artifactKey: Guid(175c39fda338e6044900dfc6e2b3c155) Importer(815301076,1909f56bfc062723c751e8b465ee728b)
Start importing Assets/JP_School classroom_V2/SKY_School classroom.mat using Guid(175c39fda338e6044900dfc6e2b3c155) Importer(815301076,1909f56bfc062723c751e8b465ee728b)  -> (artifact id: 'd9651ba53b4936e0473464428bb20157') in 0.001195 seconds
Number of updated asset objects reloaded before import = 0
Number of asset objects unloaded after import = 1
========================================================================
Received Import Request.
  Time since last request: 34.221355 seconds.
  path: Assets/3D SCENES/LOBBY SCENE.unity
  artifactKey: Guid(811a5f68cf5a9b645a9490f89dba21bd) Importer(2089858483,3d70f49cd1c2eb9ae422958d1c652c6b)
Start importing Assets/3D SCENES/LOBBY SCENE.unity using Guid(811a5f68cf5a9b645a9490f89dba21bd) Importer(2089858483,3d70f49cd1c2eb9ae422958d1c652c6b) Opening scene 'Assets/3D SCENES/LOBBY SCENE.unity additively'
Loaded scene 'Assets/3D SCENES/LOBBY SCENE.unity'
	Deserialize:            0.478 ms
	Integration:            1.864 ms
	Integration of assets:  0.001 ms
	Thread Wait Time:       0.004 ms
	Total Operation Time:   2.347 ms
Generated GUIDs only implemented for interfaces!
 -> (artifact id: 'a0b6789b96fe3d33ac1e50380b433b47') in 0.148702 seconds
Number of updated asset objects reloaded before import = 0
Number of asset objects unloaded after import = 1
========================================================================
Received Import Request.
  Time since last request: 0.000034 seconds.
  path: Assets/JP_School classroom_V2/Scenes/School_Classroom/LightingData.asset
  artifactKey: Guid(e0afdbc1418043042a5eaab721b3d017) Importer(2089858483,3d70f49cd1c2eb9ae422958d1c652c6b)
Start importing Assets/JP_School classroom_V2/Scenes/School_Classroom/LightingData.asset using Guid(e0afdbc1418043042a5eaab721b3d017) Importer(2089858483,3d70f49cd1c2eb9ae422958d1c652c6b) Generated GUIDs only implemented for interfaces!
 -> (artifact id: '18fcd43c0345d9f5a0698efc3f890250') in 0.015895 seconds
Number of updated asset objects reloaded before import = 0
Number of asset objects unloaded after import = 0
========================================================================
Received Import Request.
  Time since last request: 0.000017 seconds.
  path: Assets/3D URP/UniversalRenderPipelineGlobalSettings.asset
  artifactKey: Guid(1293555fde25d824b9138adc9ea753a7) Importer(2089858483,3d70f49cd1c2eb9ae422958d1c652c6b)
Start importing Assets/3D URP/UniversalRenderPipelineGlobalSettings.asset using Guid(1293555fde25d824b9138adc9ea753a7) Importer(2089858483,3d70f49cd1c2eb9ae422958d1c652c6b) Generated GUIDs only implemented for interfaces!
 -> (artifact id: '64bd9251b131739f278e5e0c2f90df5a') in 0.015784 seconds
Number of updated asset objects reloaded before import = 0
Number of asset objects unloaded after import = 0
========================================================================
Received Import Request.
  Time since last request: 0.000017 seconds.
  path: Assets/XR/XRGeneralSettingsPerBuildTarget.asset
  artifactKey: Guid(a86f473533b3b9845b12ce44d7bac772) Importer(2089858483,3d70f49cd1c2eb9ae422958d1c652c6b)
Start importing Assets/XR/XRGeneralSettingsPerBuildTarget.asset using Guid(a86f473533b3b9845b12ce44d7bac772) Importer(2089858483,3d70f49cd1c2eb9ae422958d1c652c6b) Generated GUIDs only implemented for interfaces!
 -> (artifact id: '5224fbd831bb1ff091b529e1237e6e78') in 0.019648 seconds
Number of updated asset objects reloaded before import = 0
Number of asset objects unloaded after import = 5
========================================================================
Received Import Request.
  Time since last request: 0.000014 seconds.
  path: Assets/XR/Loaders/OculusLoader.asset
  artifactKey: Guid(f6ab8d51f6ae35a48b9d674d14251f5a) Importer(2089858483,3d70f49cd1c2eb9ae422958d1c652c6b)
Start importing Assets/XR/Loaders/OculusLoader.asset using Guid(f6ab8d51f6ae35a48b9d674d14251f5a) Importer(2089858483,3d70f49cd1c2eb9ae422958d1c652c6b) Generated GUIDs only implemented for interfaces!
 -> (artifact id: '79e1bca0086f2b012cf77dfc608913ab') in 0.010901 seconds
Number of updated asset objects reloaded before import = 0
Number of asset objects unloaded after import = 0
========================================================================
Received Import Request.
  Time since last request: 0.000017 seconds.
  path: Assets/JP_School classroom_V2/Prefabs/projector01.prefab
  artifactKey: Guid(f16d4e25e865bf04aae08d11830d6811) Importer(2089858483,3d70f49cd1c2eb9ae422958d1c652c6b)
Start importing Assets/JP_School classroom_V2/Prefabs/projector01.prefab using Guid(f16d4e25e865bf04aae08d11830d6811) Importer(2089858483,3d70f49cd1c2eb9ae422958d1c652c6b) Generated GUIDs only implemented for interfaces!
 -> (artifact id: '2254b88de64656c366b5b7bdcda87a90') in 0.014368 seconds
Number of updated asset objects reloaded before import = 0
Number of asset objects unloaded after import = 8
========================================================================
Received Import Request.
  Time since last request: 0.000013 seconds.
  path: Assets/JP_School classroom_V2/Scenes/School_Classroom.unity
  artifactKey: Guid(b64e7bfed3af07540960a741f9195d89) Importer(2089858483,3d70f49cd1c2eb9ae422958d1c652c6b)
Start importing Assets/JP_School classroom_V2/Scenes/School_Classroom.unity using Guid(b64e7bfed3af07540960a741f9195d89) Importer(2089858483,3d70f49cd1c2eb9ae422958d1c652c6b) Opening scene 'Assets/JP_School classroom_V2/Scenes/School_Classroom.unity additively'
LightingSettings: switching bake backend from 1 to 0.
Loaded scene 'Assets/JP_School classroom_V2/Scenes/School_Classroom.unity'
	Deserialize:            10.936 ms
	Integration:            37.119 ms
	Integration of assets:  0.006 ms
	Thread Wait Time:       0.072 ms
	Total Operation Time:   48.133 ms
Generated GUIDs only implemented for interfaces!
 -> (artifact id: '2bda6197c8b5b1b44e06b516f143449a') in 0.163977 seconds
Number of updated asset objects reloaded before import = 0
Number of asset objects unloaded after import = 712
========================================================================
Received Import Request.
  Time since last request: 0.062244 seconds.
  path: Assets/XRI
  artifactKey: Guid(f1164fac8216430438dc328116976d20) Importer(2089858483,0ecaa5967403d082aa24f35e1b516d23)
Start importing Assets/XRI using Guid(f1164fac8216430438dc328116976d20) Importer(2089858483,0ecaa5967403d082aa24f35e1b516d23) Generated GUIDs only implemented for interfaces!
 -> (artifact id: 'dd8f41a32a7e2181c57c29209b890e1a') in 0.015543 seconds
Number of updated asset objects reloaded before import = 0
Number of asset objects unloaded after import = 1
========================================================================
Received Import Request.
  Time since last request: 0.003859 seconds.
  path: Assets/3D URP/UniversalRenderPipelineGlobalSettings.asset
  artifactKey: Guid(1293555fde25d824b9138adc9ea753a7) Importer(2089858483,0ecaa5967403d082aa24f35e1b516d23)
Start importing Assets/3D URP/UniversalRenderPipelineGlobalSettings.asset using Guid(1293555fde25d824b9138adc9ea753a7) Importer(2089858483,0ecaa5967403d082aa24f35e1b516d23) Generated GUIDs only implemented for interfaces!
 -> (artifact id: '369772baaba83109504e63b57a16a86a') in 0.078138 seconds
Number of updated asset objects reloaded before import = 0
Number of asset objects unloaded after import = 1
========================================================================
Received Import Request.
  Time since last request: 0.000027 seconds.
  path: Assets/JP_School classroom_V2/Textures/desk02_NRM.png
  artifactKey: Guid(8a42b79c07f601e49a5205394d69a3e8) Importer(2089858483,0ecaa5967403d082aa24f35e1b516d23)
Start importing Assets/JP_School classroom_V2/Textures/desk02_NRM.png using Guid(8a42b79c07f601e49a5205394d69a3e8) Importer(2089858483,0ecaa5967403d082aa24f35e1b516d23) Generated GUIDs only implemented for interfaces!
 -> (artifact id: '28fb5357079047ef75cd4a838d67dfd3') in 0.060558 seconds
Number of updated asset objects reloaded before import = 0
Number of asset objects unloaded after import = 1
========================================================================
Received Import Request.
  Time since last request: 0.000018 seconds.
  path: Assets/JP_School classroom_V2/Textures/lamp02_NRM.png
  artifactKey: Guid(ee95f73e01e423840a76541350c12d33) Importer(2089858483,0ecaa5967403d082aa24f35e1b516d23)
Start importing Assets/JP_School classroom_V2/Textures/lamp02_NRM.png using Guid(ee95f73e01e423840a76541350c12d33) Importer(2089858483,0ecaa5967403d082aa24f35e1b516d23) Generated GUIDs only implemented for interfaces!
 -> (artifact id: '6a8a0b2ab5b80128ebbf66ef801af8b3') in 0.027981 seconds
Number of updated asset objects reloaded before import = 0
Number of asset objects unloaded after import = 1
========================================================================
Received Import Request.
  Time since last request: 0.000034 seconds.
  path: Assets/3D URP
  artifactKey: Guid(95362fdb3aca06e48ba08c265830897b) Importer(2089858483,0ecaa5967403d082aa24f35e1b516d23)
Start importing Assets/3D URP using Guid(95362fdb3aca06e48ba08c265830897b) Importer(2089858483,0ecaa5967403d082aa24f35e1b516d23) Generated GUIDs only implemented for interfaces!
 -> (artifact id: 'b01db5866121cd7fc413df730dddee32') in 0.014597 seconds
Number of updated asset objects reloaded before import = 0
Number of asset objects unloaded after import = 1
========================================================================
Received Import Request.
  Time since last request: 0.000017 seconds.
  path: Assets/JP_School classroom_V2/Textures/projector01_MTL.tga
  artifactKey: Guid(a36f9f947f8d49e459f9109139b7afea) Importer(2089858483,0ecaa5967403d082aa24f35e1b516d23)
Start importing Assets/JP_School classroom_V2/Textures/projector01_MTL.tga using Guid(a36f9f947f8d49e459f9109139b7afea) Importer(2089858483,0ecaa5967403d082aa24f35e1b516d23) Generated GUIDs only implemented for interfaces!
 -> (artifact id: 'de004b7a663274e40d9c423e994c81c1') in 0.023916 seconds
Number of updated asset objects reloaded before import = 0
Number of asset objects unloaded after import = 1
========================================================================
Received Import Request.
  Time since last request: 0.000027 seconds.
  path: Assets/JP_School classroom_V2/Meshes/Materials/classroom_wall01.mat
  artifactKey: Guid(549d08f0b3b0e3a43a1fefe3839b9fa1) Importer(2089858483,0ecaa5967403d082aa24f35e1b516d23)
Start importing Assets/JP_School classroom_V2/Meshes/Materials/classroom_wall01.mat using Guid(549d08f0b3b0e3a43a1fefe3839b9fa1) Importer(2089858483,0ecaa5967403d082aa24f35e1b516d23) Generated GUIDs only implemented for interfaces!
 -> (artifact id: 'c5fe416c23107ca9a055a5a503b15e00') in 0.064302 seconds
Number of updated asset objects reloaded before import = 0
Number of asset objects unloaded after import = 4
========================================================================
Received Import Request.
  Time since last request: 0.000017 seconds.
  path: Assets/JP_School classroom_V2/Textures/eraser01_NRM.png
  artifactKey: Guid(72ed641d9872ee8418bea6346188b5d7) Importer(2089858483,0ecaa5967403d082aa24f35e1b516d23)
Start importing Assets/JP_School classroom_V2/Textures/eraser01_NRM.png using Guid(72ed641d9872ee8418bea6346188b5d7) Importer(2089858483,0ecaa5967403d082aa24f35e1b516d23) Generated GUIDs only implemented for interfaces!
 -> (artifact id: '2ffb496929c3ba359c54acdd3202e1d9') in 0.025355 seconds
Number of updated asset objects reloaded before import = 0
Number of asset objects unloaded after import = 1
========================================================================
Received Import Request.
  Time since last request: 0.000022 seconds.
  path: Assets/JP_School classroom_V2/Textures/classroom_floor01_1.png
  artifactKey: Guid(a6b9f96bb27bee1428881e556b85e714) Importer(2089858483,0ecaa5967403d082aa24f35e1b516d23)
Start importing Assets/JP_School classroom_V2/Textures/classroom_floor01_1.png using Guid(a6b9f96bb27bee1428881e556b85e714) Importer(2089858483,0ecaa5967403d082aa24f35e1b516d23) Generated GUIDs only implemented for interfaces!
 -> (artifact id: '1fa1b6baa26f09dd77defa9ab3f8e451') in 0.028053 seconds
Number of updated asset objects reloaded before import = 0
Number of asset objects unloaded after import = 1
========================================================================
Received Import Request.
  Time since last request: 0.000023 seconds.
  path: Assets/JP_School classroom_V2/Meshes/speaker01_2.fbx
  artifactKey: Guid(4ff7d574fee440f43839b4c7b306ffed) Importer(2089858483,0ecaa5967403d082aa24f35e1b516d23)
Start importing Assets/JP_School classroom_V2/Meshes/speaker01_2.fbx using Guid(4ff7d574fee440f43839b4c7b306ffed) Importer(2089858483,0ecaa5967403d082aa24f35e1b516d23) Generated GUIDs only implemented for interfaces!
 -> (artifact id: '8fc3070095f78573165b9a514ab5d82a') in 0.039018 seconds
Number of updated asset objects reloaded before import = 0
Number of asset objects unloaded after import = 7
========================================================================
Received Import Request.
  Time since last request: 0.000032 seconds.
  path: Assets/JP_School classroom_V2/Meshes/erasercleaner01.fbx
  artifactKey: Guid(0066048c0b8e8af4ebeb4c8f8325d6b9) Importer(2089858483,0ecaa5967403d082aa24f35e1b516d23)
Start importing Assets/JP_School classroom_V2/Meshes/erasercleaner01.fbx using Guid(0066048c0b8e8af4ebeb4c8f8325d6b9) Importer(2089858483,0ecaa5967403d082aa24f35e1b516d23) Generated GUIDs only implemented for interfaces!
 -> (artifact id: '8a6183cc6397ca148805abd349d2db24') in 0.023189 seconds
Number of updated asset objects reloaded before import = 0
Number of asset objects unloaded after import = 7
========================================================================
Received Import Request.
  Time since last request: 0.000024 seconds.
  path: Assets/JP_School classroom_V2/Scenes/School_Classroom/ReflectionProbe-0.exr
  artifactKey: Guid(fe0c892bd1b912f4694a4a429fa08977) Importer(2089858483,0ecaa5967403d082aa24f35e1b516d23)
Start importing Assets/JP_School classroom_V2/Scenes/School_Classroom/ReflectionProbe-0.exr using Guid(fe0c892bd1b912f4694a4a429fa08977) Importer(2089858483,0ecaa5967403d082aa24f35e1b516d23) Generated GUIDs only implemented for interfaces!
 -> (artifact id: '8b62801d9e0a4cb703633c4aab87f6a0') in 0.023409 seconds
Number of updated asset objects reloaded before import = 0
Number of asset objects unloaded after import = 1
Editor requested this worker to shutdown with reason: balancing worker count downwards
TcpMessagingSession - receive error: operation aborted. errorcode: 995, details: The I/O operation has been aborted because of either a thread exit or an application request.
AssetImportWorker is now disconnected from the server
Process exiting
Exiting without the bug reporter. Application will terminate with return code 0